<?xml version="1.0" encoding="UTF-8"?>
<testsuites>
  <testsuite name="" tests="48" assertions="145" errors="0" warnings="0" failures="0" skipped="0" time="0.050928">
    <testsuite name="Project Test Suite" tests="48" assertions="145" errors="0" warnings="0" failures="0" skipped="0" time="0.050928">
      <testsuite name="App\Card\CardTest" file="/home/stelladess/dbwebb-kurser/mvc/me/report/tests/Card/CardTest.php" tests="4" assertions="11" errors="0" warnings="0" failures="0" skipped="0" time="0.004886">
        <testcase name="testCreateCard" class="App\Card\CardTest" classname="App.Card.CardTest" file="/home/stelladess/dbwebb-kurser/mvc/me/report/tests/Card/CardTest.php" line="16" assertions="1" time="0.003424"/>
        <testcase name="testSetValues" class="App\Card\CardTest" classname="App.Card.CardTest" file="/home/stelladess/dbwebb-kurser/mvc/me/report/tests/Card/CardTest.php" line="21" assertions="5" time="0.001116"/>
        <testcase name="testValFromKingdom" class="App\Card\CardTest" classname="App.Card.CardTest" file="/home/stelladess/dbwebb-kurser/mvc/me/report/tests/Card/CardTest.php" line="31" assertions="1" time="0.000173"/>
        <testcase name="testGetFunctions" class="App\Card\CardTest" classname="App.Card.CardTest" file="/home/stelladess/dbwebb-kurser/mvc/me/report/tests/Card/CardTest.php" line="37" assertions="4" time="0.000174"/>
      </testsuite>
      <testsuite name="App\Card\DeckOfCardsTest" file="/home/stelladess/dbwebb-kurser/mvc/me/report/tests/Card/DeckOfCardsTest.php" tests="8" assertions="10" errors="0" warnings="0" failures="0" skipped="0" time="0.023285">
        <testcase name="testCreateDeck" class="App\Card\DeckOfCardsTest" classname="App.Card.DeckOfCardsTest" file="/home/stelladess/dbwebb-kurser/mvc/me/report/tests/Card/DeckOfCardsTest.php" line="18" assertions="2" time="0.000586"/>
        <testcase name="testDraw" class="App\Card\DeckOfCardsTest" classname="App.Card.DeckOfCardsTest" file="/home/stelladess/dbwebb-kurser/mvc/me/report/tests/Card/DeckOfCardsTest.php" line="26" assertions="1" time="0.000451"/>
        <testcase name="testShuffle" class="App\Card\DeckOfCardsTest" classname="App.Card.DeckOfCardsTest" file="/home/stelladess/dbwebb-kurser/mvc/me/report/tests/Card/DeckOfCardsTest.php" line="32" assertions="1" time="0.020590"/>
        <testcase name="testSort" class="App\Card\DeckOfCardsTest" classname="App.Card.DeckOfCardsTest" file="/home/stelladess/dbwebb-kurser/mvc/me/report/tests/Card/DeckOfCardsTest.php" line="39" assertions="1" time="0.000420"/>
        <testcase name="testSwapShuffle" class="App\Card\DeckOfCardsTest" classname="App.Card.DeckOfCardsTest" file="/home/stelladess/dbwebb-kurser/mvc/me/report/tests/Card/DeckOfCardsTest.php" line="47" assertions="1" time="0.000276"/>
        <testcase name="testGetNumberCards" class="App\Card\DeckOfCardsTest" classname="App.Card.DeckOfCardsTest" file="/home/stelladess/dbwebb-kurser/mvc/me/report/tests/Card/DeckOfCardsTest.php" line="55" assertions="2" time="0.000341"/>
        <testcase name="testReturnDeck" class="App\Card\DeckOfCardsTest" classname="App.Card.DeckOfCardsTest" file="/home/stelladess/dbwebb-kurser/mvc/me/report/tests/Card/DeckOfCardsTest.php" line="64" assertions="1" time="0.000347"/>
        <testcase name="testAdd" class="App\Card\DeckOfCardsTest" classname="App.Card.DeckOfCardsTest" file="/home/stelladess/dbwebb-kurser/mvc/me/report/tests/Card/DeckOfCardsTest.php" line="70" assertions="1" time="0.000274"/>
      </testsuite>
      <testsuite name="App\Card\DeckOfJokersTest" file="/home/stelladess/dbwebb-kurser/mvc/me/report/tests/Card/DeckOfJokersTest.php" tests="3" assertions="4" errors="0" warnings="0" failures="0" skipped="0" time="0.002857">
        <testcase name="testCreateDeck" class="App\Card\DeckOfJokersTest" classname="App.Card.DeckOfJokersTest" file="/home/stelladess/dbwebb-kurser/mvc/me/report/tests/Card/DeckOfJokersTest.php" line="18" assertions="1" time="0.000536"/>
        <testcase name="testGetNumberCards" class="App\Card\DeckOfJokersTest" classname="App.Card.DeckOfJokersTest" file="/home/stelladess/dbwebb-kurser/mvc/me/report/tests/Card/DeckOfJokersTest.php" line="26" assertions="2" time="0.000427"/>
        <testcase name="testSort" class="App\Card\DeckOfJokersTest" classname="App.Card.DeckOfJokersTest" file="/home/stelladess/dbwebb-kurser/mvc/me/report/tests/Card/DeckOfJokersTest.php" line="35" assertions="1" time="0.001894"/>
      </testsuite>
      <testsuite name="App\Dice\DiceGraphicTest" file="/home/stelladess/dbwebb-kurser/mvc/me/report/tests/Dice/DiceGraphicTest.php" tests="1" assertions="2" errors="0" warnings="0" failures="0" skipped="0" time="0.000460">
        <testcase name="testRepresentation" class="App\Dice\DiceGraphicTest" classname="App.Dice.DiceGraphicTest" file="/home/stelladess/dbwebb-kurser/mvc/me/report/tests/Dice/DiceGraphicTest.php" line="16" assertions="2" time="0.000460"/>
      </testsuite>
      <testsuite name="App\Dice\DiceHandTest" file="/home/stelladess/dbwebb-kurser/mvc/me/report/tests/Dice/DiceHandTest.php" tests="3" assertions="6" errors="0" warnings="0" failures="0" skipped="0" time="0.000837">
        <testcase name="testCreateDiceHand" class="App\Dice\DiceHandTest" classname="App.Dice.DiceHandTest" file="/home/stelladess/dbwebb-kurser/mvc/me/report/tests/Dice/DiceHandTest.php" line="16" assertions="1" time="0.000348"/>
        <testcase name="testAddDice" class="App\Dice\DiceHandTest" classname="App.Dice.DiceHandTest" file="/home/stelladess/dbwebb-kurser/mvc/me/report/tests/Dice/DiceHandTest.php" line="26" assertions="4" time="0.000204"/>
        <testcase name="testRoll" class="App\Dice\DiceHandTest" classname="App.Dice.DiceHandTest" file="/home/stelladess/dbwebb-kurser/mvc/me/report/tests/Dice/DiceHandTest.php" line="44" assertions="1" time="0.000285"/>
      </testsuite>
      <testsuite name="App\Dice\DiceTest" file="/home/stelladess/dbwebb-kurser/mvc/me/report/tests/Dice/DiceTest.php" tests="2" assertions="4" errors="0" warnings="0" failures="0" skipped="0" time="0.000374">
        <testcase name="testCreateDice" class="App\Dice\DiceTest" classname="App.Dice.DiceTest" file="/home/stelladess/dbwebb-kurser/mvc/me/report/tests/Dice/DiceTest.php" line="16" assertions="2" time="0.000202"/>
        <testcase name="testGetValue" class="App\Dice\DiceTest" classname="App.Dice.DiceTest" file="/home/stelladess/dbwebb-kurser/mvc/me/report/tests/Dice/DiceTest.php" line="24" assertions="2" time="0.000172"/>
      </testsuite>
      <testsuite name="App\Game\BankTest" file="/home/stelladess/dbwebb-kurser/mvc/me/report/tests/Game/BankTest.php" tests="4" assertions="9" errors="0" warnings="0" failures="0" skipped="0" time="0.001501">
        <testcase name="testCreateBank" class="App\Game\BankTest" classname="App.Game.BankTest" file="/home/stelladess/dbwebb-kurser/mvc/me/report/tests/Game/BankTest.php" line="19" assertions="1" time="0.000522"/>
        <testcase name="testDrawCards" class="App\Game\BankTest" classname="App.Game.BankTest" file="/home/stelladess/dbwebb-kurser/mvc/me/report/tests/Game/BankTest.php" line="24" assertions="3" time="0.000378"/>
        <testcase name="testDrawResponses" class="App\Game\BankTest" classname="App.Game.BankTest" file="/home/stelladess/dbwebb-kurser/mvc/me/report/tests/Game/BankTest.php" line="40" assertions="2" time="0.000335"/>
        <testcase name="testPickPoints" class="App\Game\BankTest" classname="App.Game.BankTest" file="/home/stelladess/dbwebb-kurser/mvc/me/report/tests/Game/BankTest.php" line="53" assertions="3" time="0.000266"/>
      </testsuite>
      <testsuite name="App\Game\PlayerTest" file="/home/stelladess/dbwebb-kurser/mvc/me/report/tests/Game/PlayerTest.php" tests="4" assertions="7" errors="0" warnings="0" failures="0" skipped="0" time="0.000972">
        <testcase name="testCreatePlayer" class="App\Game\PlayerTest" classname="App.Game.PlayerTest" file="/home/stelladess/dbwebb-kurser/mvc/me/report/tests/Game/PlayerTest.php" line="18" assertions="1" time="0.000168"/>
        <testcase name="testDrawCard" class="App\Game\PlayerTest" classname="App.Game.PlayerTest" file="/home/stelladess/dbwebb-kurser/mvc/me/report/tests/Game/PlayerTest.php" line="26" assertions="2" time="0.000286"/>
        <testcase name="testPlayHand" class="App\Game\PlayerTest" classname="App.Game.PlayerTest" file="/home/stelladess/dbwebb-kurser/mvc/me/report/tests/Game/PlayerTest.php" line="39" assertions="3" time="0.000330"/>
        <testcase name="testCalcPoints" class="App\Game\PlayerTest" classname="App.Game.PlayerTest" file="/home/stelladess/dbwebb-kurser/mvc/me/report/tests/Game/PlayerTest.php" line="52" assertions="1" time="0.000188"/>
      </testsuite>
      <testsuite name="App\Poker\PlayersTest" file="/home/stelladess/dbwebb-kurser/mvc/me/report/tests/Poker/PlayersTest.php" tests="8" assertions="50" errors="0" warnings="0" failures="0" skipped="0" time="0.012507">
        <testcase name="testCreatePlayers" class="App\Poker\PlayersTest" classname="App.Poker.PlayersTest" file="/home/stelladess/dbwebb-kurser/mvc/me/report/tests/Poker/PlayersTest.php" line="19" assertions="2" time="0.001136"/>
        <testcase name="testSuitLogic" class="App\Poker\PlayersTest" classname="App.Poker.PlayersTest" file="/home/stelladess/dbwebb-kurser/mvc/me/report/tests/Poker/PlayersTest.php" line="34" assertions="6" time="0.002521"/>
        <testcase name="testValLogic" class="App\Poker\PlayersTest" classname="App.Poker.PlayersTest" file="/home/stelladess/dbwebb-kurser/mvc/me/report/tests/Poker/PlayersTest.php" line="70" assertions="12" time="0.004638"/>
        <testcase name="testHandLogic" class="App\Poker\PlayersTest" classname="App.Poker.PlayersTest" file="/home/stelladess/dbwebb-kurser/mvc/me/report/tests/Poker/PlayersTest.php" line="123" assertions="8" time="0.000476"/>
        <testcase name="testBet" class="App\Poker\PlayersTest" classname="App.Poker.PlayersTest" file="/home/stelladess/dbwebb-kurser/mvc/me/report/tests/Poker/PlayersTest.php" line="175" assertions="5" time="0.000197"/>
        <testcase name="testScore" class="App\Poker\PlayersTest" classname="App.Poker.PlayersTest" file="/home/stelladess/dbwebb-kurser/mvc/me/report/tests/Poker/PlayersTest.php" line="194" assertions="3" time="0.000482"/>
        <testcase name="testClash" class="App\Poker\PlayersTest" classname="App.Poker.PlayersTest" file="/home/stelladess/dbwebb-kurser/mvc/me/report/tests/Poker/PlayersTest.php" line="251" assertions="3" time="0.000520"/>
        <testcase name="testResolveEqual" class="App\Poker\PlayersTest" classname="App.Poker.PlayersTest" file="/home/stelladess/dbwebb-kurser/mvc/me/report/tests/Poker/PlayersTest.php" line="308" assertions="11" time="0.002536"/>
      </testsuite>
      <testsuite name="App\Poker\RulesTest" file="/home/stelladess/dbwebb-kurser/mvc/me/report/tests/Poker/RulesTest.php" tests="11" assertions="42" errors="0" warnings="0" failures="0" skipped="0" time="0.003250">
        <testcase name="testCreateRules" class="App\Poker\RulesTest" classname="App.Poker.RulesTest" file="/home/stelladess/dbwebb-kurser/mvc/me/report/tests/Poker/RulesTest.php" line="19" assertions="3" time="0.000180"/>
        <testcase name="testRoyalFlush" class="App\Poker\RulesTest" classname="App.Poker.RulesTest" file="/home/stelladess/dbwebb-kurser/mvc/me/report/tests/Poker/RulesTest.php" line="39" assertions="4" time="0.000515"/>
        <testcase name="testStraightFlush" class="App\Poker\RulesTest" classname="App.Poker.RulesTest" file="/home/stelladess/dbwebb-kurser/mvc/me/report/tests/Poker/RulesTest.php" line="71" assertions="4" time="0.000268"/>
        <testcase name="testFourOfAKind" class="App\Poker\RulesTest" classname="App.Poker.RulesTest" file="/home/stelladess/dbwebb-kurser/mvc/me/report/tests/Poker/RulesTest.php" line="100" assertions="4" time="0.000321"/>
        <testcase name="testFullHouse" class="App\Poker\RulesTest" classname="App.Poker.RulesTest" file="/home/stelladess/dbwebb-kurser/mvc/me/report/tests/Poker/RulesTest.php" line="129" assertions="4" time="0.000340"/>
        <testcase name="testFlush" class="App\Poker\RulesTest" classname="App.Poker.RulesTest" file="/home/stelladess/dbwebb-kurser/mvc/me/report/tests/Poker/RulesTest.php" line="158" assertions="4" time="0.000284"/>
        <testcase name="testStraight" class="App\Poker\RulesTest" classname="App.Poker.RulesTest" file="/home/stelladess/dbwebb-kurser/mvc/me/report/tests/Poker/RulesTest.php" line="187" assertions="5" time="0.000305"/>
        <testcase name="testThreeOfAKind" class="App\Poker\RulesTest" classname="App.Poker.RulesTest" file="/home/stelladess/dbwebb-kurser/mvc/me/report/tests/Poker/RulesTest.php" line="222" assertions="4" time="0.000263"/>
        <testcase name="testTwoPair" class="App\Poker\RulesTest" classname="App.Poker.RulesTest" file="/home/stelladess/dbwebb-kurser/mvc/me/report/tests/Poker/RulesTest.php" line="251" assertions="4" time="0.000262"/>
        <testcase name="testOnePair" class="App\Poker\RulesTest" classname="App.Poker.RulesTest" file="/home/stelladess/dbwebb-kurser/mvc/me/report/tests/Poker/RulesTest.php" line="280" assertions="4" time="0.000287"/>
        <testcase name="testHighCard" class="App\Poker\RulesTest" classname="App.Poker.RulesTest" file="/home/stelladess/dbwebb-kurser/mvc/me/report/tests/Poker/RulesTest.php" line="309" assertions="2" time="0.000224"/>
      </testsuite>
    </testsuite>
  </testsuite>
</testsuites>
