<?xml version="1.0" encoding="UTF-8"?>
<testsuites>
  <testsuite name="" tests="41" assertions="94" errors="0" warnings="0" failures="0" skipped="0" time="0.038689">
    <testsuite name="Project Test Suite" tests="41" assertions="94" errors="0" warnings="0" failures="0" skipped="0" time="0.038689">
      <testsuite name="App\Card\CardTest" file="/home/stelladess/dbwebb-kurser/mvc/me/report/tests/Card/CardTest.php" tests="4" assertions="11" errors="0" warnings="0" failures="0" skipped="0" time="0.005120">
        <testcase name="testCreateCard" class="App\Card\CardTest" classname="App.Card.CardTest" file="/home/stelladess/dbwebb-kurser/mvc/me/report/tests/Card/CardTest.php" line="16" assertions="1" time="0.003619"/>
        <testcase name="testSetValues" class="App\Card\CardTest" classname="App.Card.CardTest" file="/home/stelladess/dbwebb-kurser/mvc/me/report/tests/Card/CardTest.php" line="21" assertions="5" time="0.001144"/>
        <testcase name="testValFromKingdom" class="App\Card\CardTest" classname="App.Card.CardTest" file="/home/stelladess/dbwebb-kurser/mvc/me/report/tests/Card/CardTest.php" line="31" assertions="1" time="0.000173"/>
        <testcase name="testGetFunctions" class="App\Card\CardTest" classname="App.Card.CardTest" file="/home/stelladess/dbwebb-kurser/mvc/me/report/tests/Card/CardTest.php" line="37" assertions="4" time="0.000185"/>
      </testsuite>
      <testsuite name="App\Card\DeckOfCardsTest" file="/home/stelladess/dbwebb-kurser/mvc/me/report/tests/Card/DeckOfCardsTest.php" tests="8" assertions="10" errors="0" warnings="0" failures="0" skipped="0" time="0.023951">
        <testcase name="testCreateDeck" class="App\Card\DeckOfCardsTest" classname="App.Card.DeckOfCardsTest" file="/home/stelladess/dbwebb-kurser/mvc/me/report/tests/Card/DeckOfCardsTest.php" line="18" assertions="2" time="0.000625"/>
        <testcase name="testDraw" class="App\Card\DeckOfCardsTest" classname="App.Card.DeckOfCardsTest" file="/home/stelladess/dbwebb-kurser/mvc/me/report/tests/Card/DeckOfCardsTest.php" line="26" assertions="1" time="0.000302"/>
        <testcase name="testShuffle" class="App\Card\DeckOfCardsTest" classname="App.Card.DeckOfCardsTest" file="/home/stelladess/dbwebb-kurser/mvc/me/report/tests/Card/DeckOfCardsTest.php" line="32" assertions="1" time="0.021283"/>
        <testcase name="testSort" class="App\Card\DeckOfCardsTest" classname="App.Card.DeckOfCardsTest" file="/home/stelladess/dbwebb-kurser/mvc/me/report/tests/Card/DeckOfCardsTest.php" line="39" assertions="1" time="0.000464"/>
        <testcase name="testSwapShuffle" class="App\Card\DeckOfCardsTest" classname="App.Card.DeckOfCardsTest" file="/home/stelladess/dbwebb-kurser/mvc/me/report/tests/Card/DeckOfCardsTest.php" line="47" assertions="1" time="0.000281"/>
        <testcase name="testGetNumberCards" class="App\Card\DeckOfCardsTest" classname="App.Card.DeckOfCardsTest" file="/home/stelladess/dbwebb-kurser/mvc/me/report/tests/Card/DeckOfCardsTest.php" line="55" assertions="2" time="0.000345"/>
        <testcase name="testReturnDeck" class="App\Card\DeckOfCardsTest" classname="App.Card.DeckOfCardsTest" file="/home/stelladess/dbwebb-kurser/mvc/me/report/tests/Card/DeckOfCardsTest.php" line="64" assertions="1" time="0.000371"/>
        <testcase name="testAdd" class="App\Card\DeckOfCardsTest" classname="App.Card.DeckOfCardsTest" file="/home/stelladess/dbwebb-kurser/mvc/me/report/tests/Card/DeckOfCardsTest.php" line="70" assertions="1" time="0.000280"/>
      </testsuite>
      <testsuite name="App\Card\DeckOfJokersTest" file="/home/stelladess/dbwebb-kurser/mvc/me/report/tests/Card/DeckOfJokersTest.php" tests="3" assertions="4" errors="0" warnings="0" failures="0" skipped="0" time="0.001452">
        <testcase name="testCreateDeck" class="App\Card\DeckOfJokersTest" classname="App.Card.DeckOfJokersTest" file="/home/stelladess/dbwebb-kurser/mvc/me/report/tests/Card/DeckOfJokersTest.php" line="18" assertions="1" time="0.000583"/>
        <testcase name="testGetNumberCards" class="App\Card\DeckOfJokersTest" classname="App.Card.DeckOfJokersTest" file="/home/stelladess/dbwebb-kurser/mvc/me/report/tests/Card/DeckOfJokersTest.php" line="26" assertions="2" time="0.000399"/>
        <testcase name="testSort" class="App\Card\DeckOfJokersTest" classname="App.Card.DeckOfJokersTest" file="/home/stelladess/dbwebb-kurser/mvc/me/report/tests/Card/DeckOfJokersTest.php" line="35" assertions="1" time="0.000470"/>
      </testsuite>
      <testsuite name="App\Dice\DiceGraphicTest" file="/home/stelladess/dbwebb-kurser/mvc/me/report/tests/Dice/DiceGraphicTest.php" tests="1" assertions="2" errors="0" warnings="0" failures="0" skipped="0" time="0.000459">
        <testcase name="testRepresentation" class="App\Dice\DiceGraphicTest" classname="App.Dice.DiceGraphicTest" file="/home/stelladess/dbwebb-kurser/mvc/me/report/tests/Dice/DiceGraphicTest.php" line="16" assertions="2" time="0.000459"/>
      </testsuite>
      <testsuite name="App\Dice\DiceHandTest" file="/home/stelladess/dbwebb-kurser/mvc/me/report/tests/Dice/DiceHandTest.php" tests="3" assertions="6" errors="0" warnings="0" failures="0" skipped="0" time="0.000837">
        <testcase name="testCreateDiceHand" class="App\Dice\DiceHandTest" classname="App.Dice.DiceHandTest" file="/home/stelladess/dbwebb-kurser/mvc/me/report/tests/Dice/DiceHandTest.php" line="16" assertions="1" time="0.000349"/>
        <testcase name="testAddDice" class="App\Dice\DiceHandTest" classname="App.Dice.DiceHandTest" file="/home/stelladess/dbwebb-kurser/mvc/me/report/tests/Dice/DiceHandTest.php" line="26" assertions="4" time="0.000208"/>
        <testcase name="testRoll" class="App\Dice\DiceHandTest" classname="App.Dice.DiceHandTest" file="/home/stelladess/dbwebb-kurser/mvc/me/report/tests/Dice/DiceHandTest.php" line="44" assertions="1" time="0.000281"/>
      </testsuite>
      <testsuite name="App\Dice\DiceTest" file="/home/stelladess/dbwebb-kurser/mvc/me/report/tests/Dice/DiceTest.php" tests="2" assertions="4" errors="0" warnings="0" failures="0" skipped="0" time="0.000352">
        <testcase name="testCreateDice" class="App\Dice\DiceTest" classname="App.Dice.DiceTest" file="/home/stelladess/dbwebb-kurser/mvc/me/report/tests/Dice/DiceTest.php" line="16" assertions="2" time="0.000176"/>
        <testcase name="testGetValue" class="App\Dice\DiceTest" classname="App.Dice.DiceTest" file="/home/stelladess/dbwebb-kurser/mvc/me/report/tests/Dice/DiceTest.php" line="24" assertions="2" time="0.000176"/>
      </testsuite>
      <testsuite name="App\Game\BankTest" file="/home/stelladess/dbwebb-kurser/mvc/me/report/tests/Game/BankTest.php" tests="4" assertions="9" errors="0" warnings="0" failures="0" skipped="0" time="0.001577">
        <testcase name="testCreateBank" class="App\Game\BankTest" classname="App.Game.BankTest" file="/home/stelladess/dbwebb-kurser/mvc/me/report/tests/Game/BankTest.php" line="19" assertions="1" time="0.000592"/>
        <testcase name="testDrawCards" class="App\Game\BankTest" classname="App.Game.BankTest" file="/home/stelladess/dbwebb-kurser/mvc/me/report/tests/Game/BankTest.php" line="24" assertions="3" time="0.000380"/>
        <testcase name="testDrawResponses" class="App\Game\BankTest" classname="App.Game.BankTest" file="/home/stelladess/dbwebb-kurser/mvc/me/report/tests/Game/BankTest.php" line="40" assertions="2" time="0.000340"/>
        <testcase name="testPickPoints" class="App\Game\BankTest" classname="App.Game.BankTest" file="/home/stelladess/dbwebb-kurser/mvc/me/report/tests/Game/BankTest.php" line="53" assertions="3" time="0.000266"/>
      </testsuite>
      <testsuite name="App\Game\PlayerTest" file="/home/stelladess/dbwebb-kurser/mvc/me/report/tests/Game/PlayerTest.php" tests="4" assertions="7" errors="0" warnings="0" failures="0" skipped="0" time="0.000979">
        <testcase name="testCreatePlayer" class="App\Game\PlayerTest" classname="App.Game.PlayerTest" file="/home/stelladess/dbwebb-kurser/mvc/me/report/tests/Game/PlayerTest.php" line="18" assertions="1" time="0.000172"/>
        <testcase name="testDrawCard" class="App\Game\PlayerTest" classname="App.Game.PlayerTest" file="/home/stelladess/dbwebb-kurser/mvc/me/report/tests/Game/PlayerTest.php" line="26" assertions="2" time="0.000291"/>
        <testcase name="testPlayHand" class="App\Game\PlayerTest" classname="App.Game.PlayerTest" file="/home/stelladess/dbwebb-kurser/mvc/me/report/tests/Game/PlayerTest.php" line="39" assertions="3" time="0.000328"/>
        <testcase name="testCalcPoints" class="App\Game\PlayerTest" classname="App.Game.PlayerTest" file="/home/stelladess/dbwebb-kurser/mvc/me/report/tests/Game/PlayerTest.php" line="52" assertions="1" time="0.000188"/>
      </testsuite>
      <testsuite name="App\Poker\PlayersTest" file="/home/stelladess/dbwebb-kurser/mvc/me/report/tests/Poker/PlayersTest.php" tests="1" assertions="1" errors="0" warnings="0" failures="0" skipped="0" time="0.000796">
        <testcase name="testCreatePlayers" class="App\Poker\PlayersTest" classname="App.Poker.PlayersTest" file="/home/stelladess/dbwebb-kurser/mvc/me/report/tests/Poker/PlayersTest.php" line="16" assertions="1" time="0.000796"/>
      </testsuite>
      <testsuite name="App\Poker\RulesTest" file="/home/stelladess/dbwebb-kurser/mvc/me/report/tests/Poker/RulesTest.php" tests="11" assertions="40" errors="0" warnings="0" failures="0" skipped="0" time="0.003166">
        <testcase name="testCreateRules" class="App\Poker\RulesTest" classname="App.Poker.RulesTest" file="/home/stelladess/dbwebb-kurser/mvc/me/report/tests/Poker/RulesTest.php" line="19" assertions="1" time="0.000199"/>
        <testcase name="testRoyalFlush" class="App\Poker\RulesTest" classname="App.Poker.RulesTest" file="/home/stelladess/dbwebb-kurser/mvc/me/report/tests/Poker/RulesTest.php" line="25" assertions="4" time="0.000540"/>
        <testcase name="testStraightFlush" class="App\Poker\RulesTest" classname="App.Poker.RulesTest" file="/home/stelladess/dbwebb-kurser/mvc/me/report/tests/Poker/RulesTest.php" line="54" assertions="4" time="0.000272"/>
        <testcase name="testFourOfAKind" class="App\Poker\RulesTest" classname="App.Poker.RulesTest" file="/home/stelladess/dbwebb-kurser/mvc/me/report/tests/Poker/RulesTest.php" line="80" assertions="4" time="0.000297"/>
        <testcase name="testFullHouse" class="App\Poker\RulesTest" classname="App.Poker.RulesTest" file="/home/stelladess/dbwebb-kurser/mvc/me/report/tests/Poker/RulesTest.php" line="106" assertions="4" time="0.000251"/>
        <testcase name="testFlush" class="App\Poker\RulesTest" classname="App.Poker.RulesTest" file="/home/stelladess/dbwebb-kurser/mvc/me/report/tests/Poker/RulesTest.php" line="132" assertions="4" time="0.000274"/>
        <testcase name="testStraight" class="App\Poker\RulesTest" classname="App.Poker.RulesTest" file="/home/stelladess/dbwebb-kurser/mvc/me/report/tests/Poker/RulesTest.php" line="158" assertions="5" time="0.000292"/>
        <testcase name="testThreeOfAKind" class="App\Poker\RulesTest" classname="App.Poker.RulesTest" file="/home/stelladess/dbwebb-kurser/mvc/me/report/tests/Poker/RulesTest.php" line="190" assertions="4" time="0.000263"/>
        <testcase name="testTwoPair" class="App\Poker\RulesTest" classname="App.Poker.RulesTest" file="/home/stelladess/dbwebb-kurser/mvc/me/report/tests/Poker/RulesTest.php" line="216" assertions="4" time="0.000274"/>
        <testcase name="testOnePair" class="App\Poker\RulesTest" classname="App.Poker.RulesTest" file="/home/stelladess/dbwebb-kurser/mvc/me/report/tests/Poker/RulesTest.php" line="242" assertions="4" time="0.000281"/>
        <testcase name="testHighCard" class="App\Poker\RulesTest" classname="App.Poker.RulesTest" file="/home/stelladess/dbwebb-kurser/mvc/me/report/tests/Poker/RulesTest.php" line="268" assertions="2" time="0.000222"/>
      </testsuite>
    </testsuite>
  </testsuite>
</testsuites>
