<?xml version="1.0" encoding="UTF-8"?>
<testsuites>
  <testsuite name="" tests="29" assertions="53" errors="0" warnings="0" failures="0" skipped="0" time="0.034564">
    <testsuite name="Project Test Suite" tests="29" assertions="53" errors="0" warnings="0" failures="0" skipped="0" time="0.034564">
      <testsuite name="App\Card\CardTest" file="/home/stelladess/dbwebb-kurser/mvc/me/report/tests/Card/CardTest.php" tests="4" assertions="11" errors="0" warnings="0" failures="0" skipped="0" time="0.005035">
        <testcase name="testCreateCard" class="App\Card\CardTest" classname="App.Card.CardTest" file="/home/stelladess/dbwebb-kurser/mvc/me/report/tests/Card/CardTest.php" line="16" assertions="1" time="0.003652"/>
        <testcase name="testSetValues" class="App\Card\CardTest" classname="App.Card.CardTest" file="/home/stelladess/dbwebb-kurser/mvc/me/report/tests/Card/CardTest.php" line="21" assertions="5" time="0.001060"/>
        <testcase name="testValFromKingdom" class="App\Card\CardTest" classname="App.Card.CardTest" file="/home/stelladess/dbwebb-kurser/mvc/me/report/tests/Card/CardTest.php" line="31" assertions="1" time="0.000162"/>
        <testcase name="testGetFunctions" class="App\Card\CardTest" classname="App.Card.CardTest" file="/home/stelladess/dbwebb-kurser/mvc/me/report/tests/Card/CardTest.php" line="37" assertions="4" time="0.000160"/>
      </testsuite>
      <testsuite name="App\Card\DeckOfCardsTest" file="/home/stelladess/dbwebb-kurser/mvc/me/report/tests/Card/DeckOfCardsTest.php" tests="8" assertions="10" errors="0" warnings="0" failures="0" skipped="0" time="0.023862">
        <testcase name="testCreateDeck" class="App\Card\DeckOfCardsTest" classname="App.Card.DeckOfCardsTest" file="/home/stelladess/dbwebb-kurser/mvc/me/report/tests/Card/DeckOfCardsTest.php" line="18" assertions="2" time="0.000580"/>
        <testcase name="testDraw" class="App\Card\DeckOfCardsTest" classname="App.Card.DeckOfCardsTest" file="/home/stelladess/dbwebb-kurser/mvc/me/report/tests/Card/DeckOfCardsTest.php" line="26" assertions="1" time="0.000289"/>
        <testcase name="testShuffle" class="App\Card\DeckOfCardsTest" classname="App.Card.DeckOfCardsTest" file="/home/stelladess/dbwebb-kurser/mvc/me/report/tests/Card/DeckOfCardsTest.php" line="32" assertions="1" time="0.020977"/>
        <testcase name="testSort" class="App\Card\DeckOfCardsTest" classname="App.Card.DeckOfCardsTest" file="/home/stelladess/dbwebb-kurser/mvc/me/report/tests/Card/DeckOfCardsTest.php" line="39" assertions="1" time="0.000572"/>
        <testcase name="testSwapShuffle" class="App\Card\DeckOfCardsTest" classname="App.Card.DeckOfCardsTest" file="/home/stelladess/dbwebb-kurser/mvc/me/report/tests/Card/DeckOfCardsTest.php" line="47" assertions="1" time="0.000346"/>
        <testcase name="testGetNumberCards" class="App\Card\DeckOfCardsTest" classname="App.Card.DeckOfCardsTest" file="/home/stelladess/dbwebb-kurser/mvc/me/report/tests/Card/DeckOfCardsTest.php" line="55" assertions="2" time="0.000376"/>
        <testcase name="testReturnDeck" class="App\Card\DeckOfCardsTest" classname="App.Card.DeckOfCardsTest" file="/home/stelladess/dbwebb-kurser/mvc/me/report/tests/Card/DeckOfCardsTest.php" line="64" assertions="1" time="0.000448"/>
        <testcase name="testAdd" class="App\Card\DeckOfCardsTest" classname="App.Card.DeckOfCardsTest" file="/home/stelladess/dbwebb-kurser/mvc/me/report/tests/Card/DeckOfCardsTest.php" line="70" assertions="1" time="0.000276"/>
      </testsuite>
      <testsuite name="App\Card\DeckOfJokersTest" file="/home/stelladess/dbwebb-kurser/mvc/me/report/tests/Card/DeckOfJokersTest.php" tests="3" assertions="4" errors="0" warnings="0" failures="0" skipped="0" time="0.001431">
        <testcase name="testCreateDeck" class="App\Card\DeckOfJokersTest" classname="App.Card.DeckOfJokersTest" file="/home/stelladess/dbwebb-kurser/mvc/me/report/tests/Card/DeckOfJokersTest.php" line="18" assertions="1" time="0.000573"/>
        <testcase name="testGetNumberCards" class="App\Card\DeckOfJokersTest" classname="App.Card.DeckOfJokersTest" file="/home/stelladess/dbwebb-kurser/mvc/me/report/tests/Card/DeckOfJokersTest.php" line="26" assertions="2" time="0.000363"/>
        <testcase name="testSort" class="App\Card\DeckOfJokersTest" classname="App.Card.DeckOfJokersTest" file="/home/stelladess/dbwebb-kurser/mvc/me/report/tests/Card/DeckOfJokersTest.php" line="35" assertions="1" time="0.000496"/>
      </testsuite>
      <testsuite name="App\Dice\DiceGraphicTest" file="/home/stelladess/dbwebb-kurser/mvc/me/report/tests/Dice/DiceGraphicTest.php" tests="1" assertions="2" errors="0" warnings="0" failures="0" skipped="0" time="0.000436">
        <testcase name="testRepresentation" class="App\Dice\DiceGraphicTest" classname="App.Dice.DiceGraphicTest" file="/home/stelladess/dbwebb-kurser/mvc/me/report/tests/Dice/DiceGraphicTest.php" line="16" assertions="2" time="0.000436"/>
      </testsuite>
      <testsuite name="App\Dice\DiceHandTest" file="/home/stelladess/dbwebb-kurser/mvc/me/report/tests/Dice/DiceHandTest.php" tests="3" assertions="6" errors="0" warnings="0" failures="0" skipped="0" time="0.000885">
        <testcase name="testCreateDiceHand" class="App\Dice\DiceHandTest" classname="App.Dice.DiceHandTest" file="/home/stelladess/dbwebb-kurser/mvc/me/report/tests/Dice/DiceHandTest.php" line="16" assertions="1" time="0.000384"/>
        <testcase name="testAddDice" class="App\Dice\DiceHandTest" classname="App.Dice.DiceHandTest" file="/home/stelladess/dbwebb-kurser/mvc/me/report/tests/Dice/DiceHandTest.php" line="26" assertions="4" time="0.000220"/>
        <testcase name="testRoll" class="App\Dice\DiceHandTest" classname="App.Dice.DiceHandTest" file="/home/stelladess/dbwebb-kurser/mvc/me/report/tests/Dice/DiceHandTest.php" line="44" assertions="1" time="0.000282"/>
      </testsuite>
      <testsuite name="App\Dice\DiceTest" file="/home/stelladess/dbwebb-kurser/mvc/me/report/tests/Dice/DiceTest.php" tests="2" assertions="4" errors="0" warnings="0" failures="0" skipped="0" time="0.000361">
        <testcase name="testCreateDice" class="App\Dice\DiceTest" classname="App.Dice.DiceTest" file="/home/stelladess/dbwebb-kurser/mvc/me/report/tests/Dice/DiceTest.php" line="16" assertions="2" time="0.000176"/>
        <testcase name="testGetValue" class="App\Dice\DiceTest" classname="App.Dice.DiceTest" file="/home/stelladess/dbwebb-kurser/mvc/me/report/tests/Dice/DiceTest.php" line="24" assertions="2" time="0.000185"/>
      </testsuite>
      <testsuite name="App\Game\BankTest" file="/home/stelladess/dbwebb-kurser/mvc/me/report/tests/Game/BankTest.php" tests="4" assertions="9" errors="0" warnings="0" failures="0" skipped="0" time="0.001526">
        <testcase name="testCreateBank" class="App\Game\BankTest" classname="App.Game.BankTest" file="/home/stelladess/dbwebb-kurser/mvc/me/report/tests/Game/BankTest.php" line="19" assertions="1" time="0.000566"/>
        <testcase name="testDrawCards" class="App\Game\BankTest" classname="App.Game.BankTest" file="/home/stelladess/dbwebb-kurser/mvc/me/report/tests/Game/BankTest.php" line="24" assertions="3" time="0.000360"/>
        <testcase name="testDrawResponses" class="App\Game\BankTest" classname="App.Game.BankTest" file="/home/stelladess/dbwebb-kurser/mvc/me/report/tests/Game/BankTest.php" line="40" assertions="2" time="0.000332"/>
        <testcase name="testPickPoints" class="App\Game\BankTest" classname="App.Game.BankTest" file="/home/stelladess/dbwebb-kurser/mvc/me/report/tests/Game/BankTest.php" line="53" assertions="3" time="0.000267"/>
      </testsuite>
      <testsuite name="App\Game\PlayerTest" file="/home/stelladess/dbwebb-kurser/mvc/me/report/tests/Game/PlayerTest.php" tests="4" assertions="7" errors="0" warnings="0" failures="0" skipped="0" time="0.001028">
        <testcase name="testCreatePlayer" class="App\Game\PlayerTest" classname="App.Game.PlayerTest" file="/home/stelladess/dbwebb-kurser/mvc/me/report/tests/Game/PlayerTest.php" line="18" assertions="1" time="0.000227"/>
        <testcase name="testDrawCard" class="App\Game\PlayerTest" classname="App.Game.PlayerTest" file="/home/stelladess/dbwebb-kurser/mvc/me/report/tests/Game/PlayerTest.php" line="26" assertions="2" time="0.000301"/>
        <testcase name="testPlayHand" class="App\Game\PlayerTest" classname="App.Game.PlayerTest" file="/home/stelladess/dbwebb-kurser/mvc/me/report/tests/Game/PlayerTest.php" line="39" assertions="3" time="0.000319"/>
        <testcase name="testCalcPoints" class="App\Game\PlayerTest" classname="App.Game.PlayerTest" file="/home/stelladess/dbwebb-kurser/mvc/me/report/tests/Game/PlayerTest.php" line="52" assertions="1" time="0.000182"/>
      </testsuite>
    </testsuite>
  </testsuite>
</testsuites>
