<?xml version="1.0" encoding="UTF-8"?>
<testsuites>
  <testsuite name="" tests="29" assertions="53" errors="0" warnings="0" failures="0" skipped="0" time="0.037002">
    <testsuite name="Project Test Suite" tests="29" assertions="53" errors="0" warnings="0" failures="0" skipped="0" time="0.037002">
      <testsuite name="App\Card\CardTest" file="/home/stelladess/dbwebb-kurser/mvc/me/report/tests/Card/CardTest.php" tests="4" assertions="11" errors="0" warnings="0" failures="0" skipped="0" time="0.005164">
        <testcase name="testCreateCard" class="App\Card\CardTest" classname="App.Card.CardTest" file="/home/stelladess/dbwebb-kurser/mvc/me/report/tests/Card/CardTest.php" line="16" assertions="1" time="0.003685"/>
        <testcase name="testSetValues" class="App\Card\CardTest" classname="App.Card.CardTest" file="/home/stelladess/dbwebb-kurser/mvc/me/report/tests/Card/CardTest.php" line="21" assertions="5" time="0.001106"/>
        <testcase name="testValFromKingdom" class="App\Card\CardTest" classname="App.Card.CardTest" file="/home/stelladess/dbwebb-kurser/mvc/me/report/tests/Card/CardTest.php" line="31" assertions="1" time="0.000167"/>
        <testcase name="testGetFunctions" class="App\Card\CardTest" classname="App.Card.CardTest" file="/home/stelladess/dbwebb-kurser/mvc/me/report/tests/Card/CardTest.php" line="37" assertions="4" time="0.000205"/>
      </testsuite>
      <testsuite name="App\Card\DeckOfCardsTest" file="/home/stelladess/dbwebb-kurser/mvc/me/report/tests/Card/DeckOfCardsTest.php" tests="8" assertions="10" errors="0" warnings="0" failures="0" skipped="0" time="0.024389">
        <testcase name="testCreateDeck" class="App\Card\DeckOfCardsTest" classname="App.Card.DeckOfCardsTest" file="/home/stelladess/dbwebb-kurser/mvc/me/report/tests/Card/DeckOfCardsTest.php" line="18" assertions="2" time="0.000611"/>
        <testcase name="testDraw" class="App\Card\DeckOfCardsTest" classname="App.Card.DeckOfCardsTest" file="/home/stelladess/dbwebb-kurser/mvc/me/report/tests/Card/DeckOfCardsTest.php" line="26" assertions="1" time="0.000310"/>
        <testcase name="testShuffle" class="App\Card\DeckOfCardsTest" classname="App.Card.DeckOfCardsTest" file="/home/stelladess/dbwebb-kurser/mvc/me/report/tests/Card/DeckOfCardsTest.php" line="32" assertions="1" time="0.021749"/>
        <testcase name="testSort" class="App\Card\DeckOfCardsTest" classname="App.Card.DeckOfCardsTest" file="/home/stelladess/dbwebb-kurser/mvc/me/report/tests/Card/DeckOfCardsTest.php" line="39" assertions="1" time="0.000440"/>
        <testcase name="testSwapShuffle" class="App\Card\DeckOfCardsTest" classname="App.Card.DeckOfCardsTest" file="/home/stelladess/dbwebb-kurser/mvc/me/report/tests/Card/DeckOfCardsTest.php" line="47" assertions="1" time="0.000273"/>
        <testcase name="testGetNumberCards" class="App\Card\DeckOfCardsTest" classname="App.Card.DeckOfCardsTest" file="/home/stelladess/dbwebb-kurser/mvc/me/report/tests/Card/DeckOfCardsTest.php" line="55" assertions="2" time="0.000366"/>
        <testcase name="testReturnDeck" class="App\Card\DeckOfCardsTest" classname="App.Card.DeckOfCardsTest" file="/home/stelladess/dbwebb-kurser/mvc/me/report/tests/Card/DeckOfCardsTest.php" line="64" assertions="1" time="0.000357"/>
        <testcase name="testAdd" class="App\Card\DeckOfCardsTest" classname="App.Card.DeckOfCardsTest" file="/home/stelladess/dbwebb-kurser/mvc/me/report/tests/Card/DeckOfCardsTest.php" line="70" assertions="1" time="0.000282"/>
      </testsuite>
      <testsuite name="App\Card\DeckOfJokersTest" file="/home/stelladess/dbwebb-kurser/mvc/me/report/tests/Card/DeckOfJokersTest.php" tests="3" assertions="4" errors="0" warnings="0" failures="0" skipped="0" time="0.003060">
        <testcase name="testCreateDeck" class="App\Card\DeckOfJokersTest" classname="App.Card.DeckOfJokersTest" file="/home/stelladess/dbwebb-kurser/mvc/me/report/tests/Card/DeckOfJokersTest.php" line="18" assertions="1" time="0.000666"/>
        <testcase name="testGetNumberCards" class="App\Card\DeckOfJokersTest" classname="App.Card.DeckOfJokersTest" file="/home/stelladess/dbwebb-kurser/mvc/me/report/tests/Card/DeckOfJokersTest.php" line="26" assertions="2" time="0.000408"/>
        <testcase name="testSort" class="App\Card\DeckOfJokersTest" classname="App.Card.DeckOfJokersTest" file="/home/stelladess/dbwebb-kurser/mvc/me/report/tests/Card/DeckOfJokersTest.php" line="35" assertions="1" time="0.001986"/>
      </testsuite>
      <testsuite name="App\Dice\DiceGraphicTest" file="/home/stelladess/dbwebb-kurser/mvc/me/report/tests/Dice/DiceGraphicTest.php" tests="1" assertions="2" errors="0" warnings="0" failures="0" skipped="0" time="0.000472">
        <testcase name="testRepresentation" class="App\Dice\DiceGraphicTest" classname="App.Dice.DiceGraphicTest" file="/home/stelladess/dbwebb-kurser/mvc/me/report/tests/Dice/DiceGraphicTest.php" line="16" assertions="2" time="0.000472"/>
      </testsuite>
      <testsuite name="App\Dice\DiceHandTest" file="/home/stelladess/dbwebb-kurser/mvc/me/report/tests/Dice/DiceHandTest.php" tests="3" assertions="6" errors="0" warnings="0" failures="0" skipped="0" time="0.000864">
        <testcase name="testCreateDiceHand" class="App\Dice\DiceHandTest" classname="App.Dice.DiceHandTest" file="/home/stelladess/dbwebb-kurser/mvc/me/report/tests/Dice/DiceHandTest.php" line="16" assertions="1" time="0.000363"/>
        <testcase name="testAddDice" class="App\Dice\DiceHandTest" classname="App.Dice.DiceHandTest" file="/home/stelladess/dbwebb-kurser/mvc/me/report/tests/Dice/DiceHandTest.php" line="26" assertions="4" time="0.000215"/>
        <testcase name="testRoll" class="App\Dice\DiceHandTest" classname="App.Dice.DiceHandTest" file="/home/stelladess/dbwebb-kurser/mvc/me/report/tests/Dice/DiceHandTest.php" line="44" assertions="1" time="0.000286"/>
      </testsuite>
      <testsuite name="App\Dice\DiceTest" file="/home/stelladess/dbwebb-kurser/mvc/me/report/tests/Dice/DiceTest.php" tests="2" assertions="4" errors="0" warnings="0" failures="0" skipped="0" time="0.000388">
        <testcase name="testCreateDice" class="App\Dice\DiceTest" classname="App.Dice.DiceTest" file="/home/stelladess/dbwebb-kurser/mvc/me/report/tests/Dice/DiceTest.php" line="16" assertions="2" time="0.000213"/>
        <testcase name="testGetValue" class="App\Dice\DiceTest" classname="App.Dice.DiceTest" file="/home/stelladess/dbwebb-kurser/mvc/me/report/tests/Dice/DiceTest.php" line="24" assertions="2" time="0.000175"/>
      </testsuite>
      <testsuite name="App\Game\BankTest" file="/home/stelladess/dbwebb-kurser/mvc/me/report/tests/Game/BankTest.php" tests="4" assertions="9" errors="0" warnings="0" failures="0" skipped="0" time="0.001686">
        <testcase name="testCreateBank" class="App\Game\BankTest" classname="App.Game.BankTest" file="/home/stelladess/dbwebb-kurser/mvc/me/report/tests/Game/BankTest.php" line="19" assertions="1" time="0.000690"/>
        <testcase name="testDrawCards" class="App\Game\BankTest" classname="App.Game.BankTest" file="/home/stelladess/dbwebb-kurser/mvc/me/report/tests/Game/BankTest.php" line="24" assertions="3" time="0.000374"/>
        <testcase name="testDrawResponses" class="App\Game\BankTest" classname="App.Game.BankTest" file="/home/stelladess/dbwebb-kurser/mvc/me/report/tests/Game/BankTest.php" line="40" assertions="2" time="0.000352"/>
        <testcase name="testPickPoints" class="App\Game\BankTest" classname="App.Game.BankTest" file="/home/stelladess/dbwebb-kurser/mvc/me/report/tests/Game/BankTest.php" line="53" assertions="3" time="0.000269"/>
      </testsuite>
      <testsuite name="App\Game\PlayerTest" file="/home/stelladess/dbwebb-kurser/mvc/me/report/tests/Game/PlayerTest.php" tests="4" assertions="7" errors="0" warnings="0" failures="0" skipped="0" time="0.000980">
        <testcase name="testCreatePlayer" class="App\Game\PlayerTest" classname="App.Game.PlayerTest" file="/home/stelladess/dbwebb-kurser/mvc/me/report/tests/Game/PlayerTest.php" line="18" assertions="1" time="0.000167"/>
        <testcase name="testDrawCard" class="App\Game\PlayerTest" classname="App.Game.PlayerTest" file="/home/stelladess/dbwebb-kurser/mvc/me/report/tests/Game/PlayerTest.php" line="26" assertions="2" time="0.000297"/>
        <testcase name="testPlayHand" class="App\Game\PlayerTest" classname="App.Game.PlayerTest" file="/home/stelladess/dbwebb-kurser/mvc/me/report/tests/Game/PlayerTest.php" line="39" assertions="3" time="0.000323"/>
        <testcase name="testCalcPoints" class="App\Game\PlayerTest" classname="App.Game.PlayerTest" file="/home/stelladess/dbwebb-kurser/mvc/me/report/tests/Game/PlayerTest.php" line="52" assertions="1" time="0.000192"/>
      </testsuite>
    </testsuite>
  </testsuite>
</testsuites>
